# JRE version: OpenJDK Runtime Environment (24.0+36) (build 24+36-3646)
# Java VM: OpenJDK 64-Bit Server VM (24+36-3646, mixed mode, sharing, tiered, compressed oops, compressed class ptrs, g1 gc, windows-amd64)
GC Precious Log:
 CardTable entry size: 512
 Card Set container configuration: InlinePtr #cards 4 size 8 Array Of Cards #cards 16 size 48 Howl #buckets 8 coarsen threshold 3686 Howl Bitmap #cards 512 size 80 coarsen threshold 460 Card regions per heap region 1 cards per card region 4096
 CPUs: 16 total, 16 available
 Memory: 15676M
 Large Page Support: Disabled
 NUMA Support: Disabled
 Compressed Oops: Enabled (Zero based)
 Heap Region Size: 2M
 Heap Min Capacity: 8M
 Heap Initial Capacity: 246M
 Heap Max Capacity: 3920M
 Pre-touch: Disabled
 Parallel Workers: 13
 Concurrent Workers: 3
 Concurrent Refinement Workers: 13
 Periodic GC: Disabled
Heap:
 garbage-first heap   total reserved 4014080K, committed 67584K, used 41543K [0x000000070b000000, 0x0000000800000000)
  region size 2048K, 14 young (28672K), 3 survivors (6144K)
 Metaspace       used 45148K, committed 45696K, reserved 1114112K
  class space    used 4495K, committed 4736K, reserved 1048576K
GC Heap History (12 events):
Event: 1.095 GC heap before
{Heap before GC invocations=0 (full 0):
 garbage-first heap   total reserved 4014080K, committed 253952K, used 48240K [0x000000070b000000, 0x0000000800000000)
  region size 2048K, 24 young (49152K), 0 survivors (0K)
 Metaspace       used 11824K, committed 12160K, reserved 1114112K
  class space    used 1059K, committed 1216K, reserved 1048576K
}
Event: 1.101 GC heap after
{Heap after GC invocations=1 (full 0):
 garbage-first heap   total reserved 4014080K, committed 253952K, used 9781K [0x000000070b000000, 0x0000000800000000)
  region size 2048K, 3 young (6144K), 3 survivors (6144K)
 Metaspace       used 11824K, committed 12160K, reserved 1114112K
  class space    used 1059K, committed 1216K, reserved 1048576K
}
Event: 1.924 GC heap before
{Heap before GC invocations=1 (full 0):
 garbage-first heap   total reserved 4014080K, committed 253952K, used 54837K [0x000000070b000000, 0x0000000800000000)
  region size 2048K, 27 young (55296K), 3 survivors (6144K)
 Metaspace       used 21214K, committed 21504K, reserved 1114112K
  class space    used 2157K, committed 2304K, reserved 1048576K
}
Event: 1.929 GC heap after
{Heap after GC invocations=2 (full 0):
 garbage-first heap   total reserved 4014080K, committed 253952K, used 13367K [0x000000070b000000, 0x0000000800000000)
  region size 2048K, 5 young (10240K), 5 survivors (10240K)
 Metaspace       used 21214K, committed 21504K, reserved 1114112K
  class space    used 2157K, committed 2304K, reserved 1048576K
}
Event: 2.209 GC heap before
{Heap before GC invocations=3 (full 0):
 garbage-first heap   total reserved 4014080K, committed 55296K, used 50231K [0x000000070b000000, 0x0000000800000000)
  region size 2048K, 24 young (49152K), 5 survivors (10240K)
 Metaspace       used 29709K, committed 30080K, reserved 1114112K
  class space    used 2898K, committed 3072K, reserved 1048576K
}
Event: 2.217 GC heap after
{Heap after GC invocations=4 (full 0):
 garbage-first heap   total reserved 4014080K, committed 67584K, used 15855K [0x000000070b000000, 0x0000000800000000)
  region size 2048K, 6 young (12288K), 6 survivors (12288K)
 Metaspace       used 29709K, committed 30080K, reserved 1114112K
  class space    used 2898K, committed 3072K, reserved 1048576K
}
Event: 2.613 GC heap before
{Heap before GC invocations=4 (full 0):
 garbage-first heap   total reserved 4014080K, committed 67584K, used 42479K [0x000000070b000000, 0x0000000800000000)
  region size 2048K, 19 young (38912K), 6 survivors (12288K)
 Metaspace       used 32677K, committed 32960K, reserved 1114112K
  class space    used 3186K, committed 3328K, reserved 1048576K
}
Event: 2.621 GC heap after
{Heap after GC invocations=5 (full 0):
 garbage-first heap   total reserved 4014080K, committed 67584K, used 18217K [0x000000070b000000, 0x0000000800000000)
  region size 2048K, 3 young (6144K), 3 survivors (6144K)
 Metaspace       used 32677K, committed 32960K, reserved 1114112K
  class space    used 3186K, committed 3328K, reserved 1048576K
}
Event: 3.020 GC heap before
{Heap before GC invocations=5 (full 0):
 garbage-first heap   total reserved 4014080K, committed 67584K, used 38697K [0x000000070b000000, 0x0000000800000000)
  region size 2048K, 14 young (28672K), 3 survivors (6144K)
 Metaspace       used 35608K, committed 35968K, reserved 1114112K
  class space    used 3498K, committed 3648K, reserved 1048576K
}
Event: 3.030 GC heap after
{Heap after GC invocations=6 (full 0):
 garbage-first heap   total reserved 4014080K, committed 67584K, used 19577K [0x000000070b000000, 0x0000000800000000)
  region size 2048K, 2 young (4096K), 2 survivors (4096K)
 Metaspace       used 35608K, committed 35968K, reserved 1114112K
  class space    used 3498K, committed 3648K, reserved 1048576K
}
Event: 3.423 GC heap before
{Heap before GC invocations=7 (full 0):
 garbage-first heap   total reserved 4014080K, committed 67584K, used 48249K [0x000000070b000000, 0x0000000800000000)
  region size 2048K, 17 young (34816K), 2 survivors (4096K)
 Metaspace       used 41747K, committed 42176K, reserved 1114112K
  class space    used 4177K, committed 4352K, reserved 1048576K
}
Event: 3.430 GC heap after
{Heap after GC invocations=8 (full 0):
 garbage-first heap   total reserved 4014080K, committed 67584K, used 23111K [0x000000070b000000, 0x0000000800000000)
  region size 2048K, 3 young (6144K), 3 survivors (6144K)
 Metaspace       used 41747K, committed 42176K, reserved 1114112K
  class space    used 4177K, committed 4352K, reserved 1048576K
}

